<?xml version="1.0" encoding="UTF-8"?>
<!-- Generated by org.testng.reporters.JUnitReportReporter -->
<testsuite hostname="BBLDVSEEMAJ" failures="0" tests="2" name="RestaurantTest" time="2.144" errors="0" timestamp="2020-09-28T16:30:05 IST" skipped="0">
  <testcase classname="RestaurantTest" name="testReviews" time="0.216"/>
  <system-out/>
  <testcase classname="RestaurantTest" name="testRestaurant" time="1.928"/>
  <system-out/>
</testsuite> <!-- RestaurantTest -->
