<?xml version="1.0" encoding="UTF-8"?>
<!-- Generated by org.testng.reporters.JUnitReportReporter -->
<testsuite hostname="BBLDVSEEMAJ" failures="0" tests="2" name="TestGet" time="4.257" errors="0" timestamp="2020-09-24T08:12:31 IST" skipped="0">
  <testcase classname="TestGet" name="test1" time="3.225"/>
  <system-out/>
  <testcase classname="TestGet" name="test2" time="1.032"/>
  <system-out/>
</testsuite> <!-- TestGet -->
