<?xml version="1.0" encoding="UTF-8"?>
<!-- Generated by org.testng.reporters.JUnitReportReporter -->
<testsuite hostname="BBLDVSEEMAJ" failures="0" tests="2" name="TestCities" time="2.846" errors="0" timestamp="2020-09-27T17:51:26 IST" skipped="0">
  <testcase classname="TestCities" name="testCities" time="2.633"/>
  <system-out/>
  <testcase classname="TestCities" name="testCuisines" time="0.213"/>
  <system-out/>
</testsuite> <!-- TestCities -->
