<?xml version="1.0" encoding="UTF-8"?>
<!-- Generated by org.testng.reporters.JUnitReportReporter -->
<testsuite hostname="BBLDVSEEMAJ" failures="0" tests="5" name="FeaturesTest" time="3.269" errors="0" timestamp="2020-09-28T16:30:16 IST" skipped="0">
  <testcase classname="FeaturesTest" name="testSearch" time="0.302"/>
  <system-out/>
  <testcase classname="FeaturesTest" name="testCategory" time="1.750"/>
  <system-out/>
  <testcase classname="FeaturesTest" name="testCollection" time="0.984"/>
  <system-out/>
  <testcase classname="FeaturesTest" name="testEstablishments" time="0.113"/>
  <system-out/>
  <testcase classname="FeaturesTest" name="testCuisines" time="0.120"/>
  <system-out/>
</testsuite> <!-- FeaturesTest -->
