<?xml version="1.0" encoding="UTF-8"?>
<!-- Generated by org.testng.reporters.JUnitReportReporter -->
<testsuite hostname="BBLDVSEEMAJ" failures="0" tests="1" name="TestCategory" time="4.170" errors="0" timestamp="2020-09-27T12:12:32 IST" skipped="0">
  <testcase classname="TestCategory" name="testCategory" time="4.170"/>
  <system-out/>
</testsuite> <!-- TestCategory -->
