<?xml version="1.0" encoding="UTF-8"?>
<!-- Generated by org.testng.reporters.JUnitReportReporter -->
<testsuite hostname="BBLDVSEEMAJ" failures="0" tests="3" name="Locations" time="3.819" errors="0" timestamp="2020-09-28T14:31:40 IST" skipped="0">
  <testcase classname="Locations" name="testLocations" time="1.058"/>
  <system-out/>
  <testcase classname="Locations" name="testGeocode" time="2.234"/>
  <system-out/>
  <testcase classname="Locations" name="testLocationdetails" time="0.527"/>
  <system-out/>
</testsuite> <!-- Locations -->
