<?xml version="1.0" encoding="UTF-8"?>
<!-- Generated by org.testng.reporters.JUnitReportReporter -->
<testsuite hostname="BBLDVSEEMAJ" failures="0" tests="4" name="LocationsTest" time="3.256" errors="0" timestamp="2020-09-28T16:30:45 IST" skipped="0">
  <testcase classname="LocationsTest" name="testGeocode" time="0.235"/>
  <system-out/>
  <testcase classname="LocationsTest" name="testLocationdetails" time="0.384"/>
  <system-out/>
  <testcase classname="LocationsTest" name="testCities" time="2.473"/>
  <system-out/>
  <testcase classname="LocationsTest" name="testLocations" time="0.164"/>
  <system-out/>
</testsuite> <!-- LocationsTest -->
