<?xml version="1.0" encoding="UTF-8"?>
<!-- Generated by org.testng.reporters.JUnitReportReporter -->
<testsuite hostname="BBLDVSEEMAJ" failures="0" tests="3" name="NegativeTests" time="2.168" errors="0" timestamp="2020-09-28T16:30:31 IST" skipped="0">
  <testcase classname="NegativeTests" name="testSearch" time="0.174"/>
  <system-out/>
  <testcase classname="NegativeTests" name="testDailymenu" time="1.839"/>
  <system-out/>
  <testcase classname="NegativeTests" name="testRestaurant" time="0.155"/>
  <system-out/>
</testsuite> <!-- NegativeTests -->
