<?xml version="1.0" encoding="UTF-8"?>
<!-- Generated by org.testng.reporters.JUnitReportReporter -->
<testsuite hostname="BBLDVSEEMAJ" failures="0" tests="1" name="TestCollection" time="2.750" errors="0" timestamp="2020-09-28T14:14:31 IST" skipped="0">
  <testcase classname="TestCollection" name="testCollection" time="2.750"/>
  <system-out/>
</testsuite> <!-- TestCollection -->
