<?xml version="1.0" encoding="UTF-8"?>
<!-- Generated by org.testng.reporters.JUnitReportReporter -->
<testsuite hostname="BBLDVSEEMAJ" failures="0" tests="1" name="TestPost" time="2.141" errors="0" timestamp="2020-09-23T21:48:03 IST" skipped="0">
  <testcase classname="TestPost" name="getTest" time="2.141"/>
  <system-out/>
</testsuite> <!-- TestPost -->
