<?xml version="1.0" encoding="UTF-8"?>
<!-- Generated by org.testng.reporters.JUnitReportReporter -->
<testsuite hostname="BBLDVSEEMAJ" failures="0" tests="2" name="Common" time="2.143" errors="0" timestamp="2020-09-28T15:05:33 IST" skipped="0">
  <testcase classname="Common" name="testCategory" time="1.873"/>
  <system-out/>
  <testcase classname="Common" name="testCuisines" time="0.270"/>
  <system-out/>
</testsuite> <!-- Common -->
